import os
LOG_DIR = os.path.join(BASE_DIR, 'logs')
os.makedirs(LOG_DIR, exist_ok=True)

LOGGING = {
    'version': 1,
    'disable_existing_loggers': False,
    'formatters': {
        'verbose': {
            'format': '{levelname} {asctime} {module} {message}',
            'style': '{',
        },
    },
    'handlers': {
        'console': {
            'class': 'logging.StreamHandler',
            'formatter': 'verbose',
        },
        'file': {
            'class': 'logging.handlers.RotatingFileHandler',
            'filename': BASE_DIR / 'logs' / 'django.log',
            'maxBytes': 1024 * 1024 * 10,  # 10MB
            'backupCount': 5,
            'formatter': 'verbose',
        },
    },
    'loggers': {
        'django': {
            'handlers': ['console', 'file'],
            'level': 'INFO',
        },
        'orders': {
            'handlers': ['console', 'file'],
            'level': 'INFO',
        },
        'notifications': {
            'handlers': ['console', 'file'],
            'level': 'INFO',
        },
    },
}ERROR 2025-11-29 15:33:04,960 log 9344 9460 Internal Server Error: /admin/accounts/verificationcode/
Traceback (most recent call last):
  File "C:\Users\Balogun Mishael\Zunto_main\Zunto_main_virtualenv\venv\Lib\site-packages\django\db\models\options.py", line 676, in get_field
    return self.fields_map[field_name]
           ~~~~~~~~~~~~~~~^^^^^^^^^^^^
KeyError: 'status_display'

During handling of the above exception, another exception occurred:

Traceback (most recent call last):
  File "C:\Users\Balogun Mishael\Zunto_main\Zunto_main_virtualenv\venv\Lib\site-packages\django\contrib\admin\utils.py", line 290, in lookup_field
    f = _get_non_gfk_field(opts, name)
  File "C:\Users\Balogun Mishael\Zunto_main\Zunto_main_virtualenv\venv\Lib\site-packages\django\contrib\admin\utils.py", line 330, in _get_non_gfk_field
    field = opts.get_field(name)
  File "C:\Users\Balogun Mishael\Zunto_main\Zunto_main_virtualenv\venv\Lib\site-packages\django\db\models\options.py", line 678, in get_field
    raise FieldDoesNotExist(
        "%s has no field named '%s'" % (self.object_name, field_name)
    )
django.core.exceptions.FieldDoesNotExist: VerificationCode has no field named 'status_display'

During handling of the above exception, another exception occurred:

Traceback (most recent call last):
  File "C:\Users\Balogun Mishael\Zunto_main\Zunto_main_virtualenv\venv\Lib\site-packages\django\core\handlers\exception.py", line 55, in inner
    response = get_response(request)
  File "C:\Users\Balogun Mishael\Zunto_main\Zunto_main_virtualenv\venv\Lib\site-packages\django\core\handlers\base.py", line 220, in _get_response
    response = response.render()
  File "C:\Users\Balogun Mishael\Zunto_main\Zunto_main_virtualenv\venv\Lib\site-packages\django\template\response.py", line 114, in render
    self.content = self.rendered_content
                   ^^^^^^^^^^^^^^^^^^^^^
  File "C:\Users\Balogun Mishael\Zunto_main\Zunto_main_virtualenv\venv\Lib\site-packages\django\template\response.py", line 92, in rendered_content
    return template.render(context, self._request)
           ~~~~~~~~~~~~~~~^^^^^^^^^^^^^^^^^^^^^^^^
  File "C:\Users\Balogun Mishael\Zunto_main\Zunto_main_virtualenv\venv\Lib\site-packages\django\template\backends\django.py", line 107, in render
    return self.template.render(context)
           ~~~~~~~~~~~~~~~~~~~~^^^^^^^^^
  File "C:\Users\Balogun Mishael\Zunto_main\Zunto_main_virtualenv\venv\Lib\site-packages\django\template\base.py", line 171, in render
    return self._render(context)
           ~~~~~~~~~~~~^^^^^^^^^
  File "C:\Users\Balogun Mishael\Zunto_main\Zunto_main_virtualenv\venv\Lib\site-packages\django\template\base.py", line 163, in _render
    return self.nodelist.render(context)
           ~~~~~~~~~~~~~~~~~~~~^^^^^^^^^
  File "C:\Users\Balogun Mishael\Zunto_main\Zunto_main_virtualenv\venv\Lib\site-packages\django\template\base.py", line 1008, in render
    return SafeString("".join([node.render_annotated(context) for node in self]))
                               ~~~~~~~~~~~~~~~~~~~~~^^^^^^^^^
  File "C:\Users\Balogun Mishael\Zunto_main\Zunto_main_virtualenv\venv\Lib\site-packages\django\template\base.py", line 969, in render_annotated
    return self.render(context)
           ~~~~~~~~~~~^^^^^^^^^
  File "C:\Users\Balogun Mishael\Zunto_main\Zunto_main_virtualenv\venv\Lib\site-packages\django\template\loader_tags.py", line 159, in render
    return compiled_parent._render(context)
           ~~~~~~~~~~~~~~~~~~~~~~~^^^^^^^^^
  File "C:\Users\Balogun Mishael\Zunto_main\Zunto_main_virtualenv\venv\Lib\site-packages\django\template\base.py", line 163, in _render
    return self.nodelist.render(context)
           ~~~~~~~~~~~~~~~~~~~~^^^^^^^^^
  File "C:\Users\Balogun Mishael\Zunto_main\Zunto_main_virtualenv\venv\Lib\site-packages\django\template\base.py", line 1008, in render
    return SafeString("".join([node.render_annotated(context) for node in self]))
                               ~~~~~~~~~~~~~~~~~~~~~^^^^^^^^^
  File "C:\Users\Balogun Mishael\Zunto_main\Zunto_main_virtualenv\venv\Lib\site-packages\django\template\base.py", line 969, in render_annotated
    return self.render(context)
           ~~~~~~~~~~~^^^^^^^^^
  File "C:\Users\Balogun Mishael\Zunto_main\Zunto_main_virtualenv\venv\Lib\site-packages\django\template\loader_tags.py", line 159, in render
    return compiled_parent._render(context)
           ~~~~~~~~~~~~~~~~~~~~~~~^^^^^^^^^
  File "C:\Users\Balogun Mishael\Zunto_main\Zunto_main_virtualenv\venv\Lib\site-packages\django\template\base.py", line 163, in _render
    return self.nodelist.render(context)
           ~~~~~~~~~~~~~~~~~~~~^^^^^^^^^
  File "C:\Users\Balogun Mishael\Zunto_main\Zunto_main_virtualenv\venv\Lib\site-packages\django\template\base.py", line 1008, in render
    return SafeString("".join([node.render_annotated(context) for node in self]))
                               ~~~~~~~~~~~~~~~~~~~~~^^^^^^^^^
  File "C:\Users\Balogun Mishael\Zunto_main\Zunto_main_virtualenv\venv\Lib\site-packages\django\template\base.py", line 969, in render_annotated
    return self.render(context)
           ~~~~~~~~~~~^^^^^^^^^
  File "C:\Users\Balogun Mishael\Zunto_main\Zunto_main_virtualenv\venv\Lib\site-packages\django\template\loader_tags.py", line 65, in render
    result = block.nodelist.render(context)
  File "C:\Users\Balogun Mishael\Zunto_main\Zunto_main_virtualenv\venv\Lib\site-packages\django\template\base.py", line 1008, in render
    return SafeString("".join([node.render_annotated(context) for node in self]))
                               ~~~~~~~~~~~~~~~~~~~~~^^^^^^^^^
  File "C:\Users\Balogun Mishael\Zunto_main\Zunto_main_virtualenv\venv\Lib\site-packages\django\template\base.py", line 969, in render_annotated
    return self.render(context)
           ~~~~~~~~~~~^^^^^^^^^
  File "C:\Users\Balogun Mishael\Zunto_main\Zunto_main_virtualenv\venv\Lib\site-packages\django\template\loader_tags.py", line 65, in render
    result = block.nodelist.render(context)
  File "C:\Users\Balogun Mishael\Zunto_main\Zunto_main_virtualenv\venv\Lib\site-packages\django\template\base.py", line 1008, in render
    return SafeString("".join([node.render_annotated(context) for node in self]))
                               ~~~~~~~~~~~~~~~~~~~~~^^^^^^^^^
  File "C:\Users\Balogun Mishael\Zunto_main\Zunto_main_virtualenv\venv\Lib\site-packages\django\template\base.py", line 969, in render_annotated
    return self.render(context)
           ~~~~~~~~~~~^^^^^^^^^
  File "C:\Users\Balogun Mishael\Zunto_main\Zunto_main_virtualenv\venv\Lib\site-packages\django\contrib\admin\templatetags\base.py", line 45, in render
    return super().render(context)
           ~~~~~~~~~~~~~~^^^^^^^^^
  File "C:\Users\Balogun Mishael\Zunto_main\Zunto_main_virtualenv\venv\Lib\site-packages\django\template\library.py", line 258, in render
    _dict = self.func(*resolved_args, **resolved_kwargs)
  File "C:\Users\Balogun Mishael\Zunto_main\Zunto_main_virtualenv\venv\Lib\site-packages\django\contrib\admin\templatetags\admin_list.py", line 346, in result_list
    "results": list(results(cl)),
               ~~~~^^^^^^^^^^^^^
  File "C:\Users\Balogun Mishael\Zunto_main\Zunto_main_virtualenv\venv\Lib\site-packages\django\contrib\admin\templatetags\admin_list.py", line 322, in results
    yield ResultList(None, items_for_result(cl, res, None))
          ~~~~~~~~~~^^^^^^^^^^^^^^^^^^^^^^^^^^^^^^^^^^^^^^^
  File "C:\Users\Balogun Mishael\Zunto_main\Zunto_main_virtualenv\venv\Lib\site-packages\django\contrib\admin\templatetags\admin_list.py", line 313, in __init__
    super().__init__(*items)
    ~~~~~~~~~~~~~~~~^^^^^^^^
  File "C:\Users\Balogun Mishael\Zunto_main\Zunto_main_virtualenv\venv\Lib\site-packages\django\contrib\admin\templatetags\admin_list.py", line 218, in items_for_result
    f, attr, value = lookup_field(field_name, result, cl.model_admin)
                     ~~~~~~~~~~~~^^^^^^^^^^^^^^^^^^^^^^^^^^^^^^^^^^^^
  File "C:\Users\Balogun Mishael\Zunto_main\Zunto_main_virtualenv\venv\Lib\site-packages\django\contrib\admin\utils.py", line 299, in lookup_field
    value = attr(obj)
  File "C:\Users\Balogun Mishael\Zunto_main\Zunto_main_virtualenv\Zunto\accounts\admin.py", line 299, in status_display
    elif obj.expires_at < datetime.now():
         ^^^^^^^^^^^^^^^^^^^^^^^^^^^^^^^
TypeError: can't compare offset-naive and offset-aware datetimes
ERROR 2025-11-29 15:33:05,606 basehttp 9344 9460 "GET /admin/accounts/verificationcode/ HTTP/1.1" 500 406609
ERROR 2025-11-29 15:36:23,917 log 9344 9460 Internal Server Error: /admin/accounts/verificationcode/
Traceback (most recent call last):
  File "C:\Users\Balogun Mishael\Zunto_main\Zunto_main_virtualenv\venv\Lib\site-packages\django\db\models\options.py", line 676, in get_field
    return self.fields_map[field_name]
           ~~~~~~~~~~~~~~~^^^^^^^^^^^^
KeyError: 'status_display'

During handling of the above exception, another exception occurred:

Traceback (most recent call last):
  File "C:\Users\Balogun Mishael\Zunto_main\Zunto_main_virtualenv\venv\Lib\site-packages\django\contrib\admin\utils.py", line 290, in lookup_field
    f = _get_non_gfk_field(opts, name)
  File "C:\Users\Balogun Mishael\Zunto_main\Zunto_main_virtualenv\venv\Lib\site-packages\django\contrib\admin\utils.py", line 330, in _get_non_gfk_field
    field = opts.get_field(name)
  File "C:\Users\Balogun Mishael\Zunto_main\Zunto_main_virtualenv\venv\Lib\site-packages\django\db\models\options.py", line 678, in get_field
    raise FieldDoesNotExist(
        "%s has no field named '%s'" % (self.object_name, field_name)
    )
django.core.exceptions.FieldDoesNotExist: VerificationCode has no field named 'status_display'

During handling of the above exception, another exception occurred:

Traceback (most recent call last):
  File "C:\Users\Balogun Mishael\Zunto_main\Zunto_main_virtualenv\venv\Lib\site-packages\django\core\handlers\exception.py", line 55, in inner
    response = get_response(request)
  File "C:\Users\Balogun Mishael\Zunto_main\Zunto_main_virtualenv\venv\Lib\site-packages\django\core\handlers\base.py", line 220, in _get_response
    response = response.render()
  File "C:\Users\Balogun Mishael\Zunto_main\Zunto_main_virtualenv\venv\Lib\site-packages\django\template\response.py", line 114, in render
    self.content = self.rendered_content
                   ^^^^^^^^^^^^^^^^^^^^^
  File "C:\Users\Balogun Mishael\Zunto_main\Zunto_main_virtualenv\venv\Lib\site-packages\django\template\response.py", line 92, in rendered_content
    return template.render(context, self._request)
           ~~~~~~~~~~~~~~~^^^^^^^^^^^^^^^^^^^^^^^^
  File "C:\Users\Balogun Mishael\Zunto_main\Zunto_main_virtualenv\venv\Lib\site-packages\django\template\backends\django.py", line 107, in render
    return self.template.render(context)
           ~~~~~~~~~~~~~~~~~~~~^^^^^^^^^
  File "C:\Users\Balogun Mishael\Zunto_main\Zunto_main_virtualenv\venv\Lib\site-packages\django\template\base.py", line 171, in render
    return self._render(context)
           ~~~~~~~~~~~~^^^^^^^^^
  File "C:\Users\Balogun Mishael\Zunto_main\Zunto_main_virtualenv\venv\Lib\site-packages\django\template\base.py", line 163, in _render
    return self.nodelist.render(context)
           ~~~~~~~~~~~~~~~~~~~~^^^^^^^^^
  File "C:\Users\Balogun Mishael\Zunto_main\Zunto_main_virtualenv\venv\Lib\site-packages\django\template\base.py", line 1008, in render
    return SafeString("".join([node.render_annotated(context) for node in self]))
                               ~~~~~~~~~~~~~~~~~~~~~^^^^^^^^^
  File "C:\Users\Balogun Mishael\Zunto_main\Zunto_main_virtualenv\venv\Lib\site-packages\django\template\base.py", line 969, in render_annotated
    return self.render(context)
           ~~~~~~~~~~~^^^^^^^^^
  File "C:\Users\Balogun Mishael\Zunto_main\Zunto_main_virtualenv\venv\Lib\site-packages\django\template\loader_tags.py", line 159, in render
    return compiled_parent._render(context)
           ~~~~~~~~~~~~~~~~~~~~~~~^^^^^^^^^
  File "C:\Users\Balogun Mishael\Zunto_main\Zunto_main_virtualenv\venv\Lib\site-packages\django\template\base.py", line 163, in _render
    return self.nodelist.render(context)
           ~~~~~~~~~~~~~~~~~~~~^^^^^^^^^
  File "C:\Users\Balogun Mishael\Zunto_main\Zunto_main_virtualenv\venv\Lib\site-packages\django\template\base.py", line 1008, in render
    return SafeString("".join([node.render_annotated(context) for node in self]))
                               ~~~~~~~~~~~~~~~~~~~~~^^^^^^^^^
  File "C:\Users\Balogun Mishael\Zunto_main\Zunto_main_virtualenv\venv\Lib\site-packages\django\template\base.py", line 969, in render_annotated
    return self.render(context)
           ~~~~~~~~~~~^^^^^^^^^
  File "C:\Users\Balogun Mishael\Zunto_main\Zunto_main_virtualenv\venv\Lib\site-packages\django\template\loader_tags.py", line 159, in render
    return compiled_parent._render(context)
           ~~~~~~~~~~~~~~~~~~~~~~~^^^^^^^^^
  File "C:\Users\Balogun Mishael\Zunto_main\Zunto_main_virtualenv\venv\Lib\site-packages\django\template\base.py", line 163, in _render
    return self.nodelist.render(context)
           ~~~~~~~~~~~~~~~~~~~~^^^^^^^^^
  File "C:\Users\Balogun Mishael\Zunto_main\Zunto_main_virtualenv\venv\Lib\site-packages\django\template\base.py", line 1008, in render
    return SafeString("".join([node.render_annotated(context) for node in self]))
                               ~~~~~~~~~~~~~~~~~~~~~^^^^^^^^^
  File "C:\Users\Balogun Mishael\Zunto_main\Zunto_main_virtualenv\venv\Lib\site-packages\django\template\base.py", line 969, in render_annotated
    return self.render(context)
           ~~~~~~~~~~~^^^^^^^^^
  File "C:\Users\Balogun Mishael\Zunto_main\Zunto_main_virtualenv\venv\Lib\site-packages\django\template\loader_tags.py", line 65, in render
    result = block.nodelist.render(context)
  File "C:\Users\Balogun Mishael\Zunto_main\Zunto_main_virtualenv\venv\Lib\site-packages\django\template\base.py", line 1008, in render
    return SafeString("".join([node.render_annotated(context) for node in self]))
                               ~~~~~~~~~~~~~~~~~~~~~^^^^^^^^^
  File "C:\Users\Balogun Mishael\Zunto_main\Zunto_main_virtualenv\venv\Lib\site-packages\django\template\base.py", line 969, in render_annotated
    return self.render(context)
           ~~~~~~~~~~~^^^^^^^^^
  File "C:\Users\Balogun Mishael\Zunto_main\Zunto_main_virtualenv\venv\Lib\site-packages\django\template\loader_tags.py", line 65, in render
    result = block.nodelist.render(context)
  File "C:\Users\Balogun Mishael\Zunto_main\Zunto_main_virtualenv\venv\Lib\site-packages\django\template\base.py", line 1008, in render
    return SafeString("".join([node.render_annotated(context) for node in self]))
                               ~~~~~~~~~~~~~~~~~~~~~^^^^^^^^^
  File "C:\Users\Balogun Mishael\Zunto_main\Zunto_main_virtualenv\venv\Lib\site-packages\django\template\base.py", line 969, in render_annotated
    return self.render(context)
           ~~~~~~~~~~~^^^^^^^^^
  File "C:\Users\Balogun Mishael\Zunto_main\Zunto_main_virtualenv\venv\Lib\site-packages\django\contrib\admin\templatetags\base.py", line 45, in render
    return super().render(context)
           ~~~~~~~~~~~~~~^^^^^^^^^
  File "C:\Users\Balogun Mishael\Zunto_main\Zunto_main_virtualenv\venv\Lib\site-packages\django\template\library.py", line 258, in render
    _dict = self.func(*resolved_args, **resolved_kwargs)
  File "C:\Users\Balogun Mishael\Zunto_main\Zunto_main_virtualenv\venv\Lib\site-packages\django\contrib\admin\templatetags\admin_list.py", line 346, in result_list
    "results": list(results(cl)),
               ~~~~^^^^^^^^^^^^^
  File "C:\Users\Balogun Mishael\Zunto_main\Zunto_main_virtualenv\venv\Lib\site-packages\django\contrib\admin\templatetags\admin_list.py", line 322, in results
    yield ResultList(None, items_for_result(cl, res, None))
          ~~~~~~~~~~^^^^^^^^^^^^^^^^^^^^^^^^^^^^^^^^^^^^^^^
  File "C:\Users\Balogun Mishael\Zunto_main\Zunto_main_virtualenv\venv\Lib\site-packages\django\contrib\admin\templatetags\admin_list.py", line 313, in __init__
    super().__init__(*items)
    ~~~~~~~~~~~~~~~~^^^^^^^^
  File "C:\Users\Balogun Mishael\Zunto_main\Zunto_main_virtualenv\venv\Lib\site-packages\django\contrib\admin\templatetags\admin_list.py", line 218, in items_for_result
    f, attr, value = lookup_field(field_name, result, cl.model_admin)
                     ~~~~~~~~~~~~^^^^^^^^^^^^^^^^^^^^^^^^^^^^^^^^^^^^
  File "C:\Users\Balogun Mishael\Zunto_main\Zunto_main_virtualenv\venv\Lib\site-packages\django\contrib\admin\utils.py", line 299, in lookup_field
    value = attr(obj)
  File "C:\Users\Balogun Mishael\Zunto_main\Zunto_main_virtualenv\Zunto\accounts\admin.py", line 299, in status_display
    elif obj.expires_at < datetime.now():
         ^^^^^^^^^^^^^^^^^^^^^^^^^^^^^^^
TypeError: can't compare offset-naive and offset-aware datetimes
ERROR 2025-11-29 15:36:23,954 basehttp 9344 9460 "GET /admin/accounts/verificationcode/ HTTP/1.1" 500 406746
ERROR 2025-11-29 15:36:53,947 log 9344 9460 Internal Server Error: /admin/accounts/verificationcode/
Traceback (most recent call last):
  File "C:\Users\Balogun Mishael\Zunto_main\Zunto_main_virtualenv\venv\Lib\site-packages\django\db\models\options.py", line 676, in get_field
    return self.fields_map[field_name]
           ~~~~~~~~~~~~~~~^^^^^^^^^^^^
KeyError: 'status_display'

During handling of the above exception, another exception occurred:

Traceback (most recent call last):
  File "C:\Users\Balogun Mishael\Zunto_main\Zunto_main_virtualenv\venv\Lib\site-packages\django\contrib\admin\utils.py", line 290, in lookup_field
    f = _get_non_gfk_field(opts, name)
  File "C:\Users\Balogun Mishael\Zunto_main\Zunto_main_virtualenv\venv\Lib\site-packages\django\contrib\admin\utils.py", line 330, in _get_non_gfk_field
    field = opts.get_field(name)
  File "C:\Users\Balogun Mishael\Zunto_main\Zunto_main_virtualenv\venv\Lib\site-packages\django\db\models\options.py", line 678, in get_field
    raise FieldDoesNotExist(
        "%s has no field named '%s'" % (self.object_name, field_name)
    )
django.core.exceptions.FieldDoesNotExist: VerificationCode has no field named 'status_display'

During handling of the above exception, another exception occurred:

Traceback (most recent call last):
  File "C:\Users\Balogun Mishael\Zunto_main\Zunto_main_virtualenv\venv\Lib\site-packages\django\core\handlers\exception.py", line 55, in inner
    response = get_response(request)
  File "C:\Users\Balogun Mishael\Zunto_main\Zunto_main_virtualenv\venv\Lib\site-packages\django\core\handlers\base.py", line 220, in _get_response
    response = response.render()
  File "C:\Users\Balogun Mishael\Zunto_main\Zunto_main_virtualenv\venv\Lib\site-packages\django\template\response.py", line 114, in render
    self.content = self.rendered_content
                   ^^^^^^^^^^^^^^^^^^^^^
  File "C:\Users\Balogun Mishael\Zunto_main\Zunto_main_virtualenv\venv\Lib\site-packages\django\template\response.py", line 92, in rendered_content
    return template.render(context, self._request)
           ~~~~~~~~~~~~~~~^^^^^^^^^^^^^^^^^^^^^^^^
  File "C:\Users\Balogun Mishael\Zunto_main\Zunto_main_virtualenv\venv\Lib\site-packages\django\template\backends\django.py", line 107, in render
    return self.template.render(context)
           ~~~~~~~~~~~~~~~~~~~~^^^^^^^^^
  File "C:\Users\Balogun Mishael\Zunto_main\Zunto_main_virtualenv\venv\Lib\site-packages\django\template\base.py", line 171, in render
    return self._render(context)
           ~~~~~~~~~~~~^^^^^^^^^
  File "C:\Users\Balogun Mishael\Zunto_main\Zunto_main_virtualenv\venv\Lib\site-packages\django\template\base.py", line 163, in _render
    return self.nodelist.render(context)
           ~~~~~~~~~~~~~~~~~~~~^^^^^^^^^
  File "C:\Users\Balogun Mishael\Zunto_main\Zunto_main_virtualenv\venv\Lib\site-packages\django\template\base.py", line 1008, in render
    return SafeString("".join([node.render_annotated(context) for node in self]))
                               ~~~~~~~~~~~~~~~~~~~~~^^^^^^^^^
  File "C:\Users\Balogun Mishael\Zunto_main\Zunto_main_virtualenv\venv\Lib\site-packages\django\template\base.py", line 969, in render_annotated
    return self.render(context)
           ~~~~~~~~~~~^^^^^^^^^
  File "C:\Users\Balogun Mishael\Zunto_main\Zunto_main_virtualenv\venv\Lib\site-packages\django\template\loader_tags.py", line 159, in render
    return compiled_parent._render(context)
           ~~~~~~~~~~~~~~~~~~~~~~~^^^^^^^^^
  File "C:\Users\Balogun Mishael\Zunto_main\Zunto_main_virtualenv\venv\Lib\site-packages\django\template\base.py", line 163, in _render
    return self.nodelist.render(context)
           ~~~~~~~~~~~~~~~~~~~~^^^^^^^^^
  File "C:\Users\Balogun Mishael\Zunto_main\Zunto_main_virtualenv\venv\Lib\site-packages\django\template\base.py", line 1008, in render
    return SafeString("".join([node.render_annotated(context) for node in self]))
                               ~~~~~~~~~~~~~~~~~~~~~^^^^^^^^^
  File "C:\Users\Balogun Mishael\Zunto_main\Zunto_main_virtualenv\venv\Lib\site-packages\django\template\base.py", line 969, in render_annotated
    return self.render(context)
           ~~~~~~~~~~~^^^^^^^^^
  File "C:\Users\Balogun Mishael\Zunto_main\Zunto_main_virtualenv\venv\Lib\site-packages\django\template\loader_tags.py", line 159, in render
    return compiled_parent._render(context)
           ~~~~~~~~~~~~~~~~~~~~~~~^^^^^^^^^
  File "C:\Users\Balogun Mishael\Zunto_main\Zunto_main_virtualenv\venv\Lib\site-packages\django\template\base.py", line 163, in _render
    return self.nodelist.render(context)
           ~~~~~~~~~~~~~~~~~~~~^^^^^^^^^
  File "C:\Users\Balogun Mishael\Zunto_main\Zunto_main_virtualenv\venv\Lib\site-packages\django\template\base.py", line 1008, in render
    return SafeString("".join([node.render_annotated(context) for node in self]))
                               ~~~~~~~~~~~~~~~~~~~~~^^^^^^^^^
  File "C:\Users\Balogun Mishael\Zunto_main\Zunto_main_virtualenv\venv\Lib\site-packages\django\template\base.py", line 969, in render_annotated
    return self.render(context)
           ~~~~~~~~~~~^^^^^^^^^
  File "C:\Users\Balogun Mishael\Zunto_main\Zunto_main_virtualenv\venv\Lib\site-packages\django\template\loader_tags.py", line 65, in render
    result = block.nodelist.render(context)
  File "C:\Users\Balogun Mishael\Zunto_main\Zunto_main_virtualenv\venv\Lib\site-packages\django\template\base.py", line 1008, in render
    return SafeString("".join([node.render_annotated(context) for node in self]))
                               ~~~~~~~~~~~~~~~~~~~~~^^^^^^^^^
  File "C:\Users\Balogun Mishael\Zunto_main\Zunto_main_virtualenv\venv\Lib\site-packages\django\template\base.py", line 969, in render_annotated
    return self.render(context)
           ~~~~~~~~~~~^^^^^^^^^
  File "C:\Users\Balogun Mishael\Zunto_main\Zunto_main_virtualenv\venv\Lib\site-packages\django\template\loader_tags.py", line 65, in render
    result = block.nodelist.render(context)
  File "C:\Users\Balogun Mishael\Zunto_main\Zunto_main_virtualenv\venv\Lib\site-packages\django\template\base.py", line 1008, in render
    return SafeString("".join([node.render_annotated(context) for node in self]))
                               ~~~~~~~~~~~~~~~~~~~~~^^^^^^^^^
  File "C:\Users\Balogun Mishael\Zunto_main\Zunto_main_virtualenv\venv\Lib\site-packages\django\template\base.py", line 969, in render_annotated
    return self.render(context)
           ~~~~~~~~~~~^^^^^^^^^
  File "C:\Users\Balogun Mishael\Zunto_main\Zunto_main_virtualenv\venv\Lib\site-packages\django\contrib\admin\templatetags\base.py", line 45, in render
    return super().render(context)
           ~~~~~~~~~~~~~~^^^^^^^^^
  File "C:\Users\Balogun Mishael\Zunto_main\Zunto_main_virtualenv\venv\Lib\site-packages\django\template\library.py", line 258, in render
    _dict = self.func(*resolved_args, **resolved_kwargs)
  File "C:\Users\Balogun Mishael\Zunto_main\Zunto_main_virtualenv\venv\Lib\site-packages\django\contrib\admin\templatetags\admin_list.py", line 346, in result_list
    "results": list(results(cl)),
               ~~~~^^^^^^^^^^^^^
  File "C:\Users\Balogun Mishael\Zunto_main\Zunto_main_virtualenv\venv\Lib\site-packages\django\contrib\admin\templatetags\admin_list.py", line 322, in results
    yield ResultList(None, items_for_result(cl, res, None))
          ~~~~~~~~~~^^^^^^^^^^^^^^^^^^^^^^^^^^^^^^^^^^^^^^^
  File "C:\Users\Balogun Mishael\Zunto_main\Zunto_main_virtualenv\venv\Lib\site-packages\django\contrib\admin\templatetags\admin_list.py", line 313, in __init__
    super().__init__(*items)
    ~~~~~~~~~~~~~~~~^^^^^^^^
  File "C:\Users\Balogun Mishael\Zunto_main\Zunto_main_virtualenv\venv\Lib\site-packages\django\contrib\admin\templatetags\admin_list.py", line 218, in items_for_result
    f, attr, value = lookup_field(field_name, result, cl.model_admin)
                     ~~~~~~~~~~~~^^^^^^^^^^^^^^^^^^^^^^^^^^^^^^^^^^^^
  File "C:\Users\Balogun Mishael\Zunto_main\Zunto_main_virtualenv\venv\Lib\site-packages\django\contrib\admin\utils.py", line 299, in lookup_field
    value = attr(obj)
  File "C:\Users\Balogun Mishael\Zunto_main\Zunto_main_virtualenv\Zunto\accounts\admin.py", line 299, in status_display
    elif obj.expires_at < datetime.now():
         ^^^^^^^^^^^^^^^^^^^^^^^^^^^^^^^
TypeError: can't compare offset-naive and offset-aware datetimes
ERROR 2025-11-29 15:36:53,972 basehttp 9344 9460 "GET /admin/accounts/verificationcode/ HTTP/1.1" 500 406609
ERROR 2025-11-29 15:39:28,579 log 9344 9460 Internal Server Error: /admin/accounts/verificationcode/
Traceback (most recent call last):
  File "C:\Users\Balogun Mishael\Zunto_main\Zunto_main_virtualenv\venv\Lib\site-packages\django\db\models\options.py", line 676, in get_field
    return self.fields_map[field_name]
           ~~~~~~~~~~~~~~~^^^^^^^^^^^^
KeyError: 'status_display'

During handling of the above exception, another exception occurred:

Traceback (most recent call last):
  File "C:\Users\Balogun Mishael\Zunto_main\Zunto_main_virtualenv\venv\Lib\site-packages\django\contrib\admin\utils.py", line 290, in lookup_field
    f = _get_non_gfk_field(opts, name)
  File "C:\Users\Balogun Mishael\Zunto_main\Zunto_main_virtualenv\venv\Lib\site-packages\django\contrib\admin\utils.py", line 330, in _get_non_gfk_field
    field = opts.get_field(name)
  File "C:\Users\Balogun Mishael\Zunto_main\Zunto_main_virtualenv\venv\Lib\site-packages\django\db\models\options.py", line 678, in get_field
    raise FieldDoesNotExist(
        "%s has no field named '%s'" % (self.object_name, field_name)
    )
django.core.exceptions.FieldDoesNotExist: VerificationCode has no field named 'status_display'

During handling of the above exception, another exception occurred:

Traceback (most recent call last):
  File "C:\Users\Balogun Mishael\Zunto_main\Zunto_main_virtualenv\venv\Lib\site-packages\django\core\handlers\exception.py", line 55, in inner
    response = get_response(request)
  File "C:\Users\Balogun Mishael\Zunto_main\Zunto_main_virtualenv\venv\Lib\site-packages\django\core\handlers\base.py", line 220, in _get_response
    response = response.render()
  File "C:\Users\Balogun Mishael\Zunto_main\Zunto_main_virtualenv\venv\Lib\site-packages\django\template\response.py", line 114, in render
    self.content = self.rendered_content
                   ^^^^^^^^^^^^^^^^^^^^^
  File "C:\Users\Balogun Mishael\Zunto_main\Zunto_main_virtualenv\venv\Lib\site-packages\django\template\response.py", line 92, in rendered_content
    return template.render(context, self._request)
           ~~~~~~~~~~~~~~~^^^^^^^^^^^^^^^^^^^^^^^^
  File "C:\Users\Balogun Mishael\Zunto_main\Zunto_main_virtualenv\venv\Lib\site-packages\django\template\backends\django.py", line 107, in render
    return self.template.render(context)
           ~~~~~~~~~~~~~~~~~~~~^^^^^^^^^
  File "C:\Users\Balogun Mishael\Zunto_main\Zunto_main_virtualenv\venv\Lib\site-packages\django\template\base.py", line 171, in render
    return self._render(context)
           ~~~~~~~~~~~~^^^^^^^^^
  File "C:\Users\Balogun Mishael\Zunto_main\Zunto_main_virtualenv\venv\Lib\site-packages\django\template\base.py", line 163, in _render
    return self.nodelist.render(context)
           ~~~~~~~~~~~~~~~~~~~~^^^^^^^^^
  File "C:\Users\Balogun Mishael\Zunto_main\Zunto_main_virtualenv\venv\Lib\site-packages\django\template\base.py", line 1008, in render
    return SafeString("".join([node.render_annotated(context) for node in self]))
                               ~~~~~~~~~~~~~~~~~~~~~^^^^^^^^^
  File "C:\Users\Balogun Mishael\Zunto_main\Zunto_main_virtualenv\venv\Lib\site-packages\django\template\base.py", line 969, in render_annotated
    return self.render(context)
           ~~~~~~~~~~~^^^^^^^^^
  File "C:\Users\Balogun Mishael\Zunto_main\Zunto_main_virtualenv\venv\Lib\site-packages\django\template\loader_tags.py", line 159, in render
    return compiled_parent._render(context)
           ~~~~~~~~~~~~~~~~~~~~~~~^^^^^^^^^
  File "C:\Users\Balogun Mishael\Zunto_main\Zunto_main_virtualenv\venv\Lib\site-packages\django\template\base.py", line 163, in _render
    return self.nodelist.render(context)
           ~~~~~~~~~~~~~~~~~~~~^^^^^^^^^
  File "C:\Users\Balogun Mishael\Zunto_main\Zunto_main_virtualenv\venv\Lib\site-packages\django\template\base.py", line 1008, in render
    return SafeString("".join([node.render_annotated(context) for node in self]))
                               ~~~~~~~~~~~~~~~~~~~~~^^^^^^^^^
  File "C:\Users\Balogun Mishael\Zunto_main\Zunto_main_virtualenv\venv\Lib\site-packages\django\template\base.py", line 969, in render_annotated
    return self.render(context)
           ~~~~~~~~~~~^^^^^^^^^
  File "C:\Users\Balogun Mishael\Zunto_main\Zunto_main_virtualenv\venv\Lib\site-packages\django\template\loader_tags.py", line 159, in render
    return compiled_parent._render(context)
           ~~~~~~~~~~~~~~~~~~~~~~~^^^^^^^^^
  File "C:\Users\Balogun Mishael\Zunto_main\Zunto_main_virtualenv\venv\Lib\site-packages\django\template\base.py", line 163, in _render
    return self.nodelist.render(context)
           ~~~~~~~~~~~~~~~~~~~~^^^^^^^^^
  File "C:\Users\Balogun Mishael\Zunto_main\Zunto_main_virtualenv\venv\Lib\site-packages\django\template\base.py", line 1008, in render
    return SafeString("".join([node.render_annotated(context) for node in self]))
                               ~~~~~~~~~~~~~~~~~~~~~^^^^^^^^^
  File "C:\Users\Balogun Mishael\Zunto_main\Zunto_main_virtualenv\venv\Lib\site-packages\django\template\base.py", line 969, in render_annotated
    return self.render(context)
           ~~~~~~~~~~~^^^^^^^^^
  File "C:\Users\Balogun Mishael\Zunto_main\Zunto_main_virtualenv\venv\Lib\site-packages\django\template\loader_tags.py", line 65, in render
    result = block.nodelist.render(context)
  File "C:\Users\Balogun Mishael\Zunto_main\Zunto_main_virtualenv\venv\Lib\site-packages\django\template\base.py", line 1008, in render
    return SafeString("".join([node.render_annotated(context) for node in self]))
                               ~~~~~~~~~~~~~~~~~~~~~^^^^^^^^^
  File "C:\Users\Balogun Mishael\Zunto_main\Zunto_main_virtualenv\venv\Lib\site-packages\django\template\base.py", line 969, in render_annotated
    return self.render(context)
           ~~~~~~~~~~~^^^^^^^^^
  File "C:\Users\Balogun Mishael\Zunto_main\Zunto_main_virtualenv\venv\Lib\site-packages\django\template\loader_tags.py", line 65, in render
    result = block.nodelist.render(context)
  File "C:\Users\Balogun Mishael\Zunto_main\Zunto_main_virtualenv\venv\Lib\site-packages\django\template\base.py", line 1008, in render
    return SafeString("".join([node.render_annotated(context) for node in self]))
                               ~~~~~~~~~~~~~~~~~~~~~^^^^^^^^^
  File "C:\Users\Balogun Mishael\Zunto_main\Zunto_main_virtualenv\venv\Lib\site-packages\django\template\base.py", line 969, in render_annotated
    return self.render(context)
           ~~~~~~~~~~~^^^^^^^^^
  File "C:\Users\Balogun Mishael\Zunto_main\Zunto_main_virtualenv\venv\Lib\site-packages\django\contrib\admin\templatetags\base.py", line 45, in render
    return super().render(context)
           ~~~~~~~~~~~~~~^^^^^^^^^
  File "C:\Users\Balogun Mishael\Zunto_main\Zunto_main_virtualenv\venv\Lib\site-packages\django\template\library.py", line 258, in render
    _dict = self.func(*resolved_args, **resolved_kwargs)
  File "C:\Users\Balogun Mishael\Zunto_main\Zunto_main_virtualenv\venv\Lib\site-packages\django\contrib\admin\templatetags\admin_list.py", line 346, in result_list
    "results": list(results(cl)),
               ~~~~^^^^^^^^^^^^^
  File "C:\Users\Balogun Mishael\Zunto_main\Zunto_main_virtualenv\venv\Lib\site-packages\django\contrib\admin\templatetags\admin_list.py", line 322, in results
    yield ResultList(None, items_for_result(cl, res, None))
          ~~~~~~~~~~^^^^^^^^^^^^^^^^^^^^^^^^^^^^^^^^^^^^^^^
  File "C:\Users\Balogun Mishael\Zunto_main\Zunto_main_virtualenv\venv\Lib\site-packages\django\contrib\admin\templatetags\admin_list.py", line 313, in __init__
    super().__init__(*items)
    ~~~~~~~~~~~~~~~~^^^^^^^^
  File "C:\Users\Balogun Mishael\Zunto_main\Zunto_main_virtualenv\venv\Lib\site-packages\django\contrib\admin\templatetags\admin_list.py", line 218, in items_for_result
    f, attr, value = lookup_field(field_name, result, cl.model_admin)
                     ~~~~~~~~~~~~^^^^^^^^^^^^^^^^^^^^^^^^^^^^^^^^^^^^
  File "C:\Users\Balogun Mishael\Zunto_main\Zunto_main_virtualenv\venv\Lib\site-packages\django\contrib\admin\utils.py", line 299, in lookup_field
    value = attr(obj)
  File "C:\Users\Balogun Mishael\Zunto_main\Zunto_main_virtualenv\Zunto\accounts\admin.py", line 299, in status_display
    elif obj.expires_at < datetime.now():
         ^^^^^^^^^^^^^^^^^^^^^^^^^^^^^^^
TypeError: can't compare offset-naive and offset-aware datetimes
ERROR 2025-11-29 15:39:28,615 basehttp 9344 9460 "GET /admin/accounts/verificationcode/ HTTP/1.1" 500 406746
ERROR 2025-11-29 15:39:39,243 log 9344 9460 Internal Server Error: /admin/accounts/verificationcode/
Traceback (most recent call last):
  File "C:\Users\Balogun Mishael\Zunto_main\Zunto_main_virtualenv\venv\Lib\site-packages\django\db\models\options.py", line 676, in get_field
    return self.fields_map[field_name]
           ~~~~~~~~~~~~~~~^^^^^^^^^^^^
KeyError: 'status_display'

During handling of the above exception, another exception occurred:

Traceback (most recent call last):
  File "C:\Users\Balogun Mishael\Zunto_main\Zunto_main_virtualenv\venv\Lib\site-packages\django\contrib\admin\utils.py", line 290, in lookup_field
    f = _get_non_gfk_field(opts, name)
  File "C:\Users\Balogun Mishael\Zunto_main\Zunto_main_virtualenv\venv\Lib\site-packages\django\contrib\admin\utils.py", line 330, in _get_non_gfk_field
    field = opts.get_field(name)
  File "C:\Users\Balogun Mishael\Zunto_main\Zunto_main_virtualenv\venv\Lib\site-packages\django\db\models\options.py", line 678, in get_field
    raise FieldDoesNotExist(
        "%s has no field named '%s'" % (self.object_name, field_name)
    )
django.core.exceptions.FieldDoesNotExist: VerificationCode has no field named 'status_display'

During handling of the above exception, another exception occurred:

Traceback (most recent call last):
  File "C:\Users\Balogun Mishael\Zunto_main\Zunto_main_virtualenv\venv\Lib\site-packages\django\core\handlers\exception.py", line 55, in inner
    response = get_response(request)
  File "C:\Users\Balogun Mishael\Zunto_main\Zunto_main_virtualenv\venv\Lib\site-packages\django\core\handlers\base.py", line 220, in _get_response
    response = response.render()
  File "C:\Users\Balogun Mishael\Zunto_main\Zunto_main_virtualenv\venv\Lib\site-packages\django\template\response.py", line 114, in render
    self.content = self.rendered_content
                   ^^^^^^^^^^^^^^^^^^^^^
  File "C:\Users\Balogun Mishael\Zunto_main\Zunto_main_virtualenv\venv\Lib\site-packages\django\template\response.py", line 92, in rendered_content
    return template.render(context, self._request)
           ~~~~~~~~~~~~~~~^^^^^^^^^^^^^^^^^^^^^^^^
  File "C:\Users\Balogun Mishael\Zunto_main\Zunto_main_virtualenv\venv\Lib\site-packages\django\template\backends\django.py", line 107, in render
    return self.template.render(context)
           ~~~~~~~~~~~~~~~~~~~~^^^^^^^^^
  File "C:\Users\Balogun Mishael\Zunto_main\Zunto_main_virtualenv\venv\Lib\site-packages\django\template\base.py", line 171, in render
    return self._render(context)
           ~~~~~~~~~~~~^^^^^^^^^
  File "C:\Users\Balogun Mishael\Zunto_main\Zunto_main_virtualenv\venv\Lib\site-packages\django\template\base.py", line 163, in _render
    return self.nodelist.render(context)
           ~~~~~~~~~~~~~~~~~~~~^^^^^^^^^
  File "C:\Users\Balogun Mishael\Zunto_main\Zunto_main_virtualenv\venv\Lib\site-packages\django\template\base.py", line 1008, in render
    return SafeString("".join([node.render_annotated(context) for node in self]))
                               ~~~~~~~~~~~~~~~~~~~~~^^^^^^^^^
  File "C:\Users\Balogun Mishael\Zunto_main\Zunto_main_virtualenv\venv\Lib\site-packages\django\template\base.py", line 969, in render_annotated
    return self.render(context)
           ~~~~~~~~~~~^^^^^^^^^
  File "C:\Users\Balogun Mishael\Zunto_main\Zunto_main_virtualenv\venv\Lib\site-packages\django\template\loader_tags.py", line 159, in render
    return compiled_parent._render(context)
           ~~~~~~~~~~~~~~~~~~~~~~~^^^^^^^^^
  File "C:\Users\Balogun Mishael\Zunto_main\Zunto_main_virtualenv\venv\Lib\site-packages\django\template\base.py", line 163, in _render
    return self.nodelist.render(context)
           ~~~~~~~~~~~~~~~~~~~~^^^^^^^^^
  File "C:\Users\Balogun Mishael\Zunto_main\Zunto_main_virtualenv\venv\Lib\site-packages\django\template\base.py", line 1008, in render
    return SafeString("".join([node.render_annotated(context) for node in self]))
                               ~~~~~~~~~~~~~~~~~~~~~^^^^^^^^^
  File "C:\Users\Balogun Mishael\Zunto_main\Zunto_main_virtualenv\venv\Lib\site-packages\django\template\base.py", line 969, in render_annotated
    return self.render(context)
           ~~~~~~~~~~~^^^^^^^^^
  File "C:\Users\Balogun Mishael\Zunto_main\Zunto_main_virtualenv\venv\Lib\site-packages\django\template\loader_tags.py", line 159, in render
    return compiled_parent._render(context)
           ~~~~~~~~~~~~~~~~~~~~~~~^^^^^^^^^
  File "C:\Users\Balogun Mishael\Zunto_main\Zunto_main_virtualenv\venv\Lib\site-packages\django\template\base.py", line 163, in _render
    return self.nodelist.render(context)
           ~~~~~~~~~~~~~~~~~~~~^^^^^^^^^
  File "C:\Users\Balogun Mishael\Zunto_main\Zunto_main_virtualenv\venv\Lib\site-packages\django\template\base.py", line 1008, in render
    return SafeString("".join([node.render_annotated(context) for node in self]))
                               ~~~~~~~~~~~~~~~~~~~~~^^^^^^^^^
  File "C:\Users\Balogun Mishael\Zunto_main\Zunto_main_virtualenv\venv\Lib\site-packages\django\template\base.py", line 969, in render_annotated
    return self.render(context)
           ~~~~~~~~~~~^^^^^^^^^
  File "C:\Users\Balogun Mishael\Zunto_main\Zunto_main_virtualenv\venv\Lib\site-packages\django\template\loader_tags.py", line 65, in render
    result = block.nodelist.render(context)
  File "C:\Users\Balogun Mishael\Zunto_main\Zunto_main_virtualenv\venv\Lib\site-packages\django\template\base.py", line 1008, in render
    return SafeString("".join([node.render_annotated(context) for node in self]))
                               ~~~~~~~~~~~~~~~~~~~~~^^^^^^^^^
  File "C:\Users\Balogun Mishael\Zunto_main\Zunto_main_virtualenv\venv\Lib\site-packages\django\template\base.py", line 969, in render_annotated
    return self.render(context)
           ~~~~~~~~~~~^^^^^^^^^
  File "C:\Users\Balogun Mishael\Zunto_main\Zunto_main_virtualenv\venv\Lib\site-packages\django\template\loader_tags.py", line 65, in render
    result = block.nodelist.render(context)
  File "C:\Users\Balogun Mishael\Zunto_main\Zunto_main_virtualenv\venv\Lib\site-packages\django\template\base.py", line 1008, in render
    return SafeString("".join([node.render_annotated(context) for node in self]))
                               ~~~~~~~~~~~~~~~~~~~~~^^^^^^^^^
  File "C:\Users\Balogun Mishael\Zunto_main\Zunto_main_virtualenv\venv\Lib\site-packages\django\template\base.py", line 969, in render_annotated
    return self.render(context)
           ~~~~~~~~~~~^^^^^^^^^
  File "C:\Users\Balogun Mishael\Zunto_main\Zunto_main_virtualenv\venv\Lib\site-packages\django\contrib\admin\templatetags\base.py", line 45, in render
    return super().render(context)
           ~~~~~~~~~~~~~~^^^^^^^^^
  File "C:\Users\Balogun Mishael\Zunto_main\Zunto_main_virtualenv\venv\Lib\site-packages\django\template\library.py", line 258, in render
    _dict = self.func(*resolved_args, **resolved_kwargs)
  File "C:\Users\Balogun Mishael\Zunto_main\Zunto_main_virtualenv\venv\Lib\site-packages\django\contrib\admin\templatetags\admin_list.py", line 346, in result_list
    "results": list(results(cl)),
               ~~~~^^^^^^^^^^^^^
  File "C:\Users\Balogun Mishael\Zunto_main\Zunto_main_virtualenv\venv\Lib\site-packages\django\contrib\admin\templatetags\admin_list.py", line 322, in results
    yield ResultList(None, items_for_result(cl, res, None))
          ~~~~~~~~~~^^^^^^^^^^^^^^^^^^^^^^^^^^^^^^^^^^^^^^^
  File "C:\Users\Balogun Mishael\Zunto_main\Zunto_main_virtualenv\venv\Lib\site-packages\django\contrib\admin\templatetags\admin_list.py", line 313, in __init__
    super().__init__(*items)
    ~~~~~~~~~~~~~~~~^^^^^^^^
  File "C:\Users\Balogun Mishael\Zunto_main\Zunto_main_virtualenv\venv\Lib\site-packages\django\contrib\admin\templatetags\admin_list.py", line 218, in items_for_result
    f, attr, value = lookup_field(field_name, result, cl.model_admin)
                     ~~~~~~~~~~~~^^^^^^^^^^^^^^^^^^^^^^^^^^^^^^^^^^^^
  File "C:\Users\Balogun Mishael\Zunto_main\Zunto_main_virtualenv\venv\Lib\site-packages\django\contrib\admin\utils.py", line 299, in lookup_field
    value = attr(obj)
  File "C:\Users\Balogun Mishael\Zunto_main\Zunto_main_virtualenv\Zunto\accounts\admin.py", line 299, in status_display
    elif obj.expires_at < datetime.now():
         ^^^^^^^^^^^^^^^^^^^^^^^^^^^^^^^
TypeError: can't compare offset-naive and offset-aware datetimes
ERROR 2025-11-29 15:39:39,276 basehttp 9344 9460 "GET /admin/accounts/verificationcode/ HTTP/1.1" 500 406609
ERROR 2025-11-29 15:41:26,892 log 9344 9460 Internal Server Error: /admin/accounts/verificationcode/
Traceback (most recent call last):
  File "C:\Users\Balogun Mishael\Zunto_main\Zunto_main_virtualenv\venv\Lib\site-packages\django\db\models\options.py", line 676, in get_field
    return self.fields_map[field_name]
           ~~~~~~~~~~~~~~~^^^^^^^^^^^^
KeyError: 'status_display'

During handling of the above exception, another exception occurred:

Traceback (most recent call last):
  File "C:\Users\Balogun Mishael\Zunto_main\Zunto_main_virtualenv\venv\Lib\site-packages\django\contrib\admin\utils.py", line 290, in lookup_field
    f = _get_non_gfk_field(opts, name)
  File "C:\Users\Balogun Mishael\Zunto_main\Zunto_main_virtualenv\venv\Lib\site-packages\django\contrib\admin\utils.py", line 330, in _get_non_gfk_field
    field = opts.get_field(name)
  File "C:\Users\Balogun Mishael\Zunto_main\Zunto_main_virtualenv\venv\Lib\site-packages\django\db\models\options.py", line 678, in get_field
    raise FieldDoesNotExist(
        "%s has no field named '%s'" % (self.object_name, field_name)
    )
django.core.exceptions.FieldDoesNotExist: VerificationCode has no field named 'status_display'

During handling of the above exception, another exception occurred:

Traceback (most recent call last):
  File "C:\Users\Balogun Mishael\Zunto_main\Zunto_main_virtualenv\venv\Lib\site-packages\django\core\handlers\exception.py", line 55, in inner
    response = get_response(request)
  File "C:\Users\Balogun Mishael\Zunto_main\Zunto_main_virtualenv\venv\Lib\site-packages\django\core\handlers\base.py", line 220, in _get_response
    response = response.render()
  File "C:\Users\Balogun Mishael\Zunto_main\Zunto_main_virtualenv\venv\Lib\site-packages\django\template\response.py", line 114, in render
    self.content = self.rendered_content
                   ^^^^^^^^^^^^^^^^^^^^^
  File "C:\Users\Balogun Mishael\Zunto_main\Zunto_main_virtualenv\venv\Lib\site-packages\django\template\response.py", line 92, in rendered_content
    return template.render(context, self._request)
           ~~~~~~~~~~~~~~~^^^^^^^^^^^^^^^^^^^^^^^^
  File "C:\Users\Balogun Mishael\Zunto_main\Zunto_main_virtualenv\venv\Lib\site-packages\django\template\backends\django.py", line 107, in render
    return self.template.render(context)
           ~~~~~~~~~~~~~~~~~~~~^^^^^^^^^
  File "C:\Users\Balogun Mishael\Zunto_main\Zunto_main_virtualenv\venv\Lib\site-packages\django\template\base.py", line 171, in render
    return self._render(context)
           ~~~~~~~~~~~~^^^^^^^^^
  File "C:\Users\Balogun Mishael\Zunto_main\Zunto_main_virtualenv\venv\Lib\site-packages\django\template\base.py", line 163, in _render
    return self.nodelist.render(context)
           ~~~~~~~~~~~~~~~~~~~~^^^^^^^^^
  File "C:\Users\Balogun Mishael\Zunto_main\Zunto_main_virtualenv\venv\Lib\site-packages\django\template\base.py", line 1008, in render
    return SafeString("".join([node.render_annotated(context) for node in self]))
                               ~~~~~~~~~~~~~~~~~~~~~^^^^^^^^^
  File "C:\Users\Balogun Mishael\Zunto_main\Zunto_main_virtualenv\venv\Lib\site-packages\django\template\base.py", line 969, in render_annotated
    return self.render(context)
           ~~~~~~~~~~~^^^^^^^^^
  File "C:\Users\Balogun Mishael\Zunto_main\Zunto_main_virtualenv\venv\Lib\site-packages\django\template\loader_tags.py", line 159, in render
    return compiled_parent._render(context)
           ~~~~~~~~~~~~~~~~~~~~~~~^^^^^^^^^
  File "C:\Users\Balogun Mishael\Zunto_main\Zunto_main_virtualenv\venv\Lib\site-packages\django\template\base.py", line 163, in _render
    return self.nodelist.render(context)
           ~~~~~~~~~~~~~~~~~~~~^^^^^^^^^
  File "C:\Users\Balogun Mishael\Zunto_main\Zunto_main_virtualenv\venv\Lib\site-packages\django\template\base.py", line 1008, in render
    return SafeString("".join([node.render_annotated(context) for node in self]))
                               ~~~~~~~~~~~~~~~~~~~~~^^^^^^^^^
  File "C:\Users\Balogun Mishael\Zunto_main\Zunto_main_virtualenv\venv\Lib\site-packages\django\template\base.py", line 969, in render_annotated
    return self.render(context)
           ~~~~~~~~~~~^^^^^^^^^
  File "C:\Users\Balogun Mishael\Zunto_main\Zunto_main_virtualenv\venv\Lib\site-packages\django\template\loader_tags.py", line 159, in render
    return compiled_parent._render(context)
           ~~~~~~~~~~~~~~~~~~~~~~~^^^^^^^^^
  File "C:\Users\Balogun Mishael\Zunto_main\Zunto_main_virtualenv\venv\Lib\site-packages\django\template\base.py", line 163, in _render
    return self.nodelist.render(context)
           ~~~~~~~~~~~~~~~~~~~~^^^^^^^^^
  File "C:\Users\Balogun Mishael\Zunto_main\Zunto_main_virtualenv\venv\Lib\site-packages\django\template\base.py", line 1008, in render
    return SafeString("".join([node.render_annotated(context) for node in self]))
                               ~~~~~~~~~~~~~~~~~~~~~^^^^^^^^^
  File "C:\Users\Balogun Mishael\Zunto_main\Zunto_main_virtualenv\venv\Lib\site-packages\django\template\base.py", line 969, in render_annotated
    return self.render(context)
           ~~~~~~~~~~~^^^^^^^^^
  File "C:\Users\Balogun Mishael\Zunto_main\Zunto_main_virtualenv\venv\Lib\site-packages\django\template\loader_tags.py", line 65, in render
    result = block.nodelist.render(context)
  File "C:\Users\Balogun Mishael\Zunto_main\Zunto_main_virtualenv\venv\Lib\site-packages\django\template\base.py", line 1008, in render
    return SafeString("".join([node.render_annotated(context) for node in self]))
                               ~~~~~~~~~~~~~~~~~~~~~^^^^^^^^^
  File "C:\Users\Balogun Mishael\Zunto_main\Zunto_main_virtualenv\venv\Lib\site-packages\django\template\base.py", line 969, in render_annotated
    return self.render(context)
           ~~~~~~~~~~~^^^^^^^^^
  File "C:\Users\Balogun Mishael\Zunto_main\Zunto_main_virtualenv\venv\Lib\site-packages\django\template\loader_tags.py", line 65, in render
    result = block.nodelist.render(context)
  File "C:\Users\Balogun Mishael\Zunto_main\Zunto_main_virtualenv\venv\Lib\site-packages\django\template\base.py", line 1008, in render
    return SafeString("".join([node.render_annotated(context) for node in self]))
                               ~~~~~~~~~~~~~~~~~~~~~^^^^^^^^^
  File "C:\Users\Balogun Mishael\Zunto_main\Zunto_main_virtualenv\venv\Lib\site-packages\django\template\base.py", line 969, in render_annotated
    return self.render(context)
           ~~~~~~~~~~~^^^^^^^^^
  File "C:\Users\Balogun Mishael\Zunto_main\Zunto_main_virtualenv\venv\Lib\site-packages\django\contrib\admin\templatetags\base.py", line 45, in render
    return super().render(context)
           ~~~~~~~~~~~~~~^^^^^^^^^
  File "C:\Users\Balogun Mishael\Zunto_main\Zunto_main_virtualenv\venv\Lib\site-packages\django\template\library.py", line 258, in render
    _dict = self.func(*resolved_args, **resolved_kwargs)
  File "C:\Users\Balogun Mishael\Zunto_main\Zunto_main_virtualenv\venv\Lib\site-packages\django\contrib\admin\templatetags\admin_list.py", line 346, in result_list
    "results": list(results(cl)),
               ~~~~^^^^^^^^^^^^^
  File "C:\Users\Balogun Mishael\Zunto_main\Zunto_main_virtualenv\venv\Lib\site-packages\django\contrib\admin\templatetags\admin_list.py", line 322, in results
    yield ResultList(None, items_for_result(cl, res, None))
          ~~~~~~~~~~^^^^^^^^^^^^^^^^^^^^^^^^^^^^^^^^^^^^^^^
  File "C:\Users\Balogun Mishael\Zunto_main\Zunto_main_virtualenv\venv\Lib\site-packages\django\contrib\admin\templatetags\admin_list.py", line 313, in __init__
    super().__init__(*items)
    ~~~~~~~~~~~~~~~~^^^^^^^^
  File "C:\Users\Balogun Mishael\Zunto_main\Zunto_main_virtualenv\venv\Lib\site-packages\django\contrib\admin\templatetags\admin_list.py", line 218, in items_for_result
    f, attr, value = lookup_field(field_name, result, cl.model_admin)
                     ~~~~~~~~~~~~^^^^^^^^^^^^^^^^^^^^^^^^^^^^^^^^^^^^
  File "C:\Users\Balogun Mishael\Zunto_main\Zunto_main_virtualenv\venv\Lib\site-packages\django\contrib\admin\utils.py", line 299, in lookup_field
    value = attr(obj)
  File "C:\Users\Balogun Mishael\Zunto_main\Zunto_main_virtualenv\Zunto\accounts\admin.py", line 299, in status_display
    elif obj.expires_at < datetime.now():
         ^^^^^^^^^^^^^^^^^^^^^^^^^^^^^^^
TypeError: can't compare offset-naive and offset-aware datetimes
ERROR 2025-11-29 15:41:26,927 basehttp 9344 9460 "GET /admin/accounts/verificationcode/ HTTP/1.1" 500 406609
ERROR 2025-11-29 15:43:06,479 log 9344 9460 Internal Server Error: /admin/accounts/verificationcode/
Traceback (most recent call last):
  File "C:\Users\Balogun Mishael\Zunto_main\Zunto_main_virtualenv\venv\Lib\site-packages\django\db\models\options.py", line 676, in get_field
    return self.fields_map[field_name]
           ~~~~~~~~~~~~~~~^^^^^^^^^^^^
KeyError: 'status_display'

During handling of the above exception, another exception occurred:

Traceback (most recent call last):
  File "C:\Users\Balogun Mishael\Zunto_main\Zunto_main_virtualenv\venv\Lib\site-packages\django\contrib\admin\utils.py", line 290, in lookup_field
    f = _get_non_gfk_field(opts, name)
  File "C:\Users\Balogun Mishael\Zunto_main\Zunto_main_virtualenv\venv\Lib\site-packages\django\contrib\admin\utils.py", line 330, in _get_non_gfk_field
    field = opts.get_field(name)
  File "C:\Users\Balogun Mishael\Zunto_main\Zunto_main_virtualenv\venv\Lib\site-packages\django\db\models\options.py", line 678, in get_field
    raise FieldDoesNotExist(
        "%s has no field named '%s'" % (self.object_name, field_name)
    )
django.core.exceptions.FieldDoesNotExist: VerificationCode has no field named 'status_display'

During handling of the above exception, another exception occurred:

Traceback (most recent call last):
  File "C:\Users\Balogun Mishael\Zunto_main\Zunto_main_virtualenv\venv\Lib\site-packages\django\core\handlers\exception.py", line 55, in inner
    response = get_response(request)
  File "C:\Users\Balogun Mishael\Zunto_main\Zunto_main_virtualenv\venv\Lib\site-packages\django\core\handlers\base.py", line 220, in _get_response
    response = response.render()
  File "C:\Users\Balogun Mishael\Zunto_main\Zunto_main_virtualenv\venv\Lib\site-packages\django\template\response.py", line 114, in render
    self.content = self.rendered_content
                   ^^^^^^^^^^^^^^^^^^^^^
  File "C:\Users\Balogun Mishael\Zunto_main\Zunto_main_virtualenv\venv\Lib\site-packages\django\template\response.py", line 92, in rendered_content
    return template.render(context, self._request)
           ~~~~~~~~~~~~~~~^^^^^^^^^^^^^^^^^^^^^^^^
  File "C:\Users\Balogun Mishael\Zunto_main\Zunto_main_virtualenv\venv\Lib\site-packages\django\template\backends\django.py", line 107, in render
    return self.template.render(context)
           ~~~~~~~~~~~~~~~~~~~~^^^^^^^^^
  File "C:\Users\Balogun Mishael\Zunto_main\Zunto_main_virtualenv\venv\Lib\site-packages\django\template\base.py", line 171, in render
    return self._render(context)
           ~~~~~~~~~~~~^^^^^^^^^
  File "C:\Users\Balogun Mishael\Zunto_main\Zunto_main_virtualenv\venv\Lib\site-packages\django\template\base.py", line 163, in _render
    return self.nodelist.render(context)
           ~~~~~~~~~~~~~~~~~~~~^^^^^^^^^
  File "C:\Users\Balogun Mishael\Zunto_main\Zunto_main_virtualenv\venv\Lib\site-packages\django\template\base.py", line 1008, in render
    return SafeString("".join([node.render_annotated(context) for node in self]))
                               ~~~~~~~~~~~~~~~~~~~~~^^^^^^^^^
  File "C:\Users\Balogun Mishael\Zunto_main\Zunto_main_virtualenv\venv\Lib\site-packages\django\template\base.py", line 969, in render_annotated
    return self.render(context)
           ~~~~~~~~~~~^^^^^^^^^
  File "C:\Users\Balogun Mishael\Zunto_main\Zunto_main_virtualenv\venv\Lib\site-packages\django\template\loader_tags.py", line 159, in render
    return compiled_parent._render(context)
           ~~~~~~~~~~~~~~~~~~~~~~~^^^^^^^^^
  File "C:\Users\Balogun Mishael\Zunto_main\Zunto_main_virtualenv\venv\Lib\site-packages\django\template\base.py", line 163, in _render
    return self.nodelist.render(context)
           ~~~~~~~~~~~~~~~~~~~~^^^^^^^^^
  File "C:\Users\Balogun Mishael\Zunto_main\Zunto_main_virtualenv\venv\Lib\site-packages\django\template\base.py", line 1008, in render
    return SafeString("".join([node.render_annotated(context) for node in self]))
                               ~~~~~~~~~~~~~~~~~~~~~^^^^^^^^^
  File "C:\Users\Balogun Mishael\Zunto_main\Zunto_main_virtualenv\venv\Lib\site-packages\django\template\base.py", line 969, in render_annotated
    return self.render(context)
           ~~~~~~~~~~~^^^^^^^^^
  File "C:\Users\Balogun Mishael\Zunto_main\Zunto_main_virtualenv\venv\Lib\site-packages\django\template\loader_tags.py", line 159, in render
    return compiled_parent._render(context)
           ~~~~~~~~~~~~~~~~~~~~~~~^^^^^^^^^
  File "C:\Users\Balogun Mishael\Zunto_main\Zunto_main_virtualenv\venv\Lib\site-packages\django\template\base.py", line 163, in _render
    return self.nodelist.render(context)
           ~~~~~~~~~~~~~~~~~~~~^^^^^^^^^
  File "C:\Users\Balogun Mishael\Zunto_main\Zunto_main_virtualenv\venv\Lib\site-packages\django\template\base.py", line 1008, in render
    return SafeString("".join([node.render_annotated(context) for node in self]))
                               ~~~~~~~~~~~~~~~~~~~~~^^^^^^^^^
  File "C:\Users\Balogun Mishael\Zunto_main\Zunto_main_virtualenv\venv\Lib\site-packages\django\template\base.py", line 969, in render_annotated
    return self.render(context)
           ~~~~~~~~~~~^^^^^^^^^
  File "C:\Users\Balogun Mishael\Zunto_main\Zunto_main_virtualenv\venv\Lib\site-packages\django\template\loader_tags.py", line 65, in render
    result = block.nodelist.render(context)
  File "C:\Users\Balogun Mishael\Zunto_main\Zunto_main_virtualenv\venv\Lib\site-packages\django\template\base.py", line 1008, in render
    return SafeString("".join([node.render_annotated(context) for node in self]))
                               ~~~~~~~~~~~~~~~~~~~~~^^^^^^^^^
  File "C:\Users\Balogun Mishael\Zunto_main\Zunto_main_virtualenv\venv\Lib\site-packages\django\template\base.py", line 969, in render_annotated
    return self.render(context)
           ~~~~~~~~~~~^^^^^^^^^
  File "C:\Users\Balogun Mishael\Zunto_main\Zunto_main_virtualenv\venv\Lib\site-packages\django\template\loader_tags.py", line 65, in render
    result = block.nodelist.render(context)
  File "C:\Users\Balogun Mishael\Zunto_main\Zunto_main_virtualenv\venv\Lib\site-packages\django\template\base.py", line 1008, in render
    return SafeString("".join([node.render_annotated(context) for node in self]))
                               ~~~~~~~~~~~~~~~~~~~~~^^^^^^^^^
  File "C:\Users\Balogun Mishael\Zunto_main\Zunto_main_virtualenv\venv\Lib\site-packages\django\template\base.py", line 969, in render_annotated
    return self.render(context)
           ~~~~~~~~~~~^^^^^^^^^
  File "C:\Users\Balogun Mishael\Zunto_main\Zunto_main_virtualenv\venv\Lib\site-packages\django\contrib\admin\templatetags\base.py", line 45, in render
    return super().render(context)
           ~~~~~~~~~~~~~~^^^^^^^^^
  File "C:\Users\Balogun Mishael\Zunto_main\Zunto_main_virtualenv\venv\Lib\site-packages\django\template\library.py", line 258, in render
    _dict = self.func(*resolved_args, **resolved_kwargs)
  File "C:\Users\Balogun Mishael\Zunto_main\Zunto_main_virtualenv\venv\Lib\site-packages\django\contrib\admin\templatetags\admin_list.py", line 346, in result_list
    "results": list(results(cl)),
               ~~~~^^^^^^^^^^^^^
  File "C:\Users\Balogun Mishael\Zunto_main\Zunto_main_virtualenv\venv\Lib\site-packages\django\contrib\admin\templatetags\admin_list.py", line 322, in results
    yield ResultList(None, items_for_result(cl, res, None))
          ~~~~~~~~~~^^^^^^^^^^^^^^^^^^^^^^^^^^^^^^^^^^^^^^^
  File "C:\Users\Balogun Mishael\Zunto_main\Zunto_main_virtualenv\venv\Lib\site-packages\django\contrib\admin\templatetags\admin_list.py", line 313, in __init__
    super().__init__(*items)
    ~~~~~~~~~~~~~~~~^^^^^^^^
  File "C:\Users\Balogun Mishael\Zunto_main\Zunto_main_virtualenv\venv\Lib\site-packages\django\contrib\admin\templatetags\admin_list.py", line 218, in items_for_result
    f, attr, value = lookup_field(field_name, result, cl.model_admin)
                     ~~~~~~~~~~~~^^^^^^^^^^^^^^^^^^^^^^^^^^^^^^^^^^^^
  File "C:\Users\Balogun Mishael\Zunto_main\Zunto_main_virtualenv\venv\Lib\site-packages\django\contrib\admin\utils.py", line 299, in lookup_field
    value = attr(obj)
  File "C:\Users\Balogun Mishael\Zunto_main\Zunto_main_virtualenv\Zunto\accounts\admin.py", line 299, in status_display
    elif obj.expires_at < datetime.now():
         ^^^^^^^^^^^^^^^^^^^^^^^^^^^^^^^
TypeError: can't compare offset-naive and offset-aware datetimes
ERROR 2025-11-29 15:43:06,534 basehttp 9344 9460 "GET /admin/accounts/verificationcode/ HTTP/1.1" 500 406746
ERROR 2025-11-29 15:43:24,999 log 9344 11476 Internal Server Error: /admin/accounts/verificationcode/
Traceback (most recent call last):
  File "C:\Users\Balogun Mishael\Zunto_main\Zunto_main_virtualenv\venv\Lib\site-packages\django\db\models\options.py", line 676, in get_field
    return self.fields_map[field_name]
           ~~~~~~~~~~~~~~~^^^^^^^^^^^^
KeyError: 'status_display'

During handling of the above exception, another exception occurred:

Traceback (most recent call last):
  File "C:\Users\Balogun Mishael\Zunto_main\Zunto_main_virtualenv\venv\Lib\site-packages\django\contrib\admin\utils.py", line 290, in lookup_field
    f = _get_non_gfk_field(opts, name)
  File "C:\Users\Balogun Mishael\Zunto_main\Zunto_main_virtualenv\venv\Lib\site-packages\django\contrib\admin\utils.py", line 330, in _get_non_gfk_field
    field = opts.get_field(name)
  File "C:\Users\Balogun Mishael\Zunto_main\Zunto_main_virtualenv\venv\Lib\site-packages\django\db\models\options.py", line 678, in get_field
    raise FieldDoesNotExist(
        "%s has no field named '%s'" % (self.object_name, field_name)
    )
django.core.exceptions.FieldDoesNotExist: VerificationCode has no field named 'status_display'

During handling of the above exception, another exception occurred:

Traceback (most recent call last):
  File "C:\Users\Balogun Mishael\Zunto_main\Zunto_main_virtualenv\venv\Lib\site-packages\django\core\handlers\exception.py", line 55, in inner
    response = get_response(request)
  File "C:\Users\Balogun Mishael\Zunto_main\Zunto_main_virtualenv\venv\Lib\site-packages\django\core\handlers\base.py", line 220, in _get_response
    response = response.render()
  File "C:\Users\Balogun Mishael\Zunto_main\Zunto_main_virtualenv\venv\Lib\site-packages\django\template\response.py", line 114, in render
    self.content = self.rendered_content
                   ^^^^^^^^^^^^^^^^^^^^^
  File "C:\Users\Balogun Mishael\Zunto_main\Zunto_main_virtualenv\venv\Lib\site-packages\django\template\response.py", line 92, in rendered_content
    return template.render(context, self._request)
           ~~~~~~~~~~~~~~~^^^^^^^^^^^^^^^^^^^^^^^^
  File "C:\Users\Balogun Mishael\Zunto_main\Zunto_main_virtualenv\venv\Lib\site-packages\django\template\backends\django.py", line 107, in render
    return self.template.render(context)
           ~~~~~~~~~~~~~~~~~~~~^^^^^^^^^
  File "C:\Users\Balogun Mishael\Zunto_main\Zunto_main_virtualenv\venv\Lib\site-packages\django\template\base.py", line 171, in render
    return self._render(context)
           ~~~~~~~~~~~~^^^^^^^^^
  File "C:\Users\Balogun Mishael\Zunto_main\Zunto_main_virtualenv\venv\Lib\site-packages\django\template\base.py", line 163, in _render
    return self.nodelist.render(context)
           ~~~~~~~~~~~~~~~~~~~~^^^^^^^^^
  File "C:\Users\Balogun Mishael\Zunto_main\Zunto_main_virtualenv\venv\Lib\site-packages\django\template\base.py", line 1008, in render
    return SafeString("".join([node.render_annotated(context) for node in self]))
                               ~~~~~~~~~~~~~~~~~~~~~^^^^^^^^^
  File "C:\Users\Balogun Mishael\Zunto_main\Zunto_main_virtualenv\venv\Lib\site-packages\django\template\base.py", line 969, in render_annotated
    return self.render(context)
           ~~~~~~~~~~~^^^^^^^^^
  File "C:\Users\Balogun Mishael\Zunto_main\Zunto_main_virtualenv\venv\Lib\site-packages\django\template\loader_tags.py", line 159, in render
    return compiled_parent._render(context)
           ~~~~~~~~~~~~~~~~~~~~~~~^^^^^^^^^
  File "C:\Users\Balogun Mishael\Zunto_main\Zunto_main_virtualenv\venv\Lib\site-packages\django\template\base.py", line 163, in _render
    return self.nodelist.render(context)
           ~~~~~~~~~~~~~~~~~~~~^^^^^^^^^
  File "C:\Users\Balogun Mishael\Zunto_main\Zunto_main_virtualenv\venv\Lib\site-packages\django\template\base.py", line 1008, in render
    return SafeString("".join([node.render_annotated(context) for node in self]))
                               ~~~~~~~~~~~~~~~~~~~~~^^^^^^^^^
  File "C:\Users\Balogun Mishael\Zunto_main\Zunto_main_virtualenv\venv\Lib\site-packages\django\template\base.py", line 969, in render_annotated
    return self.render(context)
           ~~~~~~~~~~~^^^^^^^^^
  File "C:\Users\Balogun Mishael\Zunto_main\Zunto_main_virtualenv\venv\Lib\site-packages\django\template\loader_tags.py", line 159, in render
    return compiled_parent._render(context)
           ~~~~~~~~~~~~~~~~~~~~~~~^^^^^^^^^
  File "C:\Users\Balogun Mishael\Zunto_main\Zunto_main_virtualenv\venv\Lib\site-packages\django\template\base.py", line 163, in _render
    return self.nodelist.render(context)
           ~~~~~~~~~~~~~~~~~~~~^^^^^^^^^
  File "C:\Users\Balogun Mishael\Zunto_main\Zunto_main_virtualenv\venv\Lib\site-packages\django\template\base.py", line 1008, in render
    return SafeString("".join([node.render_annotated(context) for node in self]))
                               ~~~~~~~~~~~~~~~~~~~~~^^^^^^^^^
  File "C:\Users\Balogun Mishael\Zunto_main\Zunto_main_virtualenv\venv\Lib\site-packages\django\template\base.py", line 969, in render_annotated
    return self.render(context)
           ~~~~~~~~~~~^^^^^^^^^
  File "C:\Users\Balogun Mishael\Zunto_main\Zunto_main_virtualenv\venv\Lib\site-packages\django\template\loader_tags.py", line 65, in render
    result = block.nodelist.render(context)
  File "C:\Users\Balogun Mishael\Zunto_main\Zunto_main_virtualenv\venv\Lib\site-packages\django\template\base.py", line 1008, in render
    return SafeString("".join([node.render_annotated(context) for node in self]))
                               ~~~~~~~~~~~~~~~~~~~~~^^^^^^^^^
  File "C:\Users\Balogun Mishael\Zunto_main\Zunto_main_virtualenv\venv\Lib\site-packages\django\template\base.py", line 969, in render_annotated
    return self.render(context)
           ~~~~~~~~~~~^^^^^^^^^
  File "C:\Users\Balogun Mishael\Zunto_main\Zunto_main_virtualenv\venv\Lib\site-packages\django\template\loader_tags.py", line 65, in render
    result = block.nodelist.render(context)
  File "C:\Users\Balogun Mishael\Zunto_main\Zunto_main_virtualenv\venv\Lib\site-packages\django\template\base.py", line 1008, in render
    return SafeString("".join([node.render_annotated(context) for node in self]))
                               ~~~~~~~~~~~~~~~~~~~~~^^^^^^^^^
  File "C:\Users\Balogun Mishael\Zunto_main\Zunto_main_virtualenv\venv\Lib\site-packages\django\template\base.py", line 969, in render_annotated
    return self.render(context)
           ~~~~~~~~~~~^^^^^^^^^
  File "C:\Users\Balogun Mishael\Zunto_main\Zunto_main_virtualenv\venv\Lib\site-packages\django\contrib\admin\templatetags\base.py", line 45, in render
    return super().render(context)
           ~~~~~~~~~~~~~~^^^^^^^^^
  File "C:\Users\Balogun Mishael\Zunto_main\Zunto_main_virtualenv\venv\Lib\site-packages\django\template\library.py", line 258, in render
    _dict = self.func(*resolved_args, **resolved_kwargs)
  File "C:\Users\Balogun Mishael\Zunto_main\Zunto_main_virtualenv\venv\Lib\site-packages\django\contrib\admin\templatetags\admin_list.py", line 346, in result_list
    "results": list(results(cl)),
               ~~~~^^^^^^^^^^^^^
  File "C:\Users\Balogun Mishael\Zunto_main\Zunto_main_virtualenv\venv\Lib\site-packages\django\contrib\admin\templatetags\admin_list.py", line 322, in results
    yield ResultList(None, items_for_result(cl, res, None))
          ~~~~~~~~~~^^^^^^^^^^^^^^^^^^^^^^^^^^^^^^^^^^^^^^^
  File "C:\Users\Balogun Mishael\Zunto_main\Zunto_main_virtualenv\venv\Lib\site-packages\django\contrib\admin\templatetags\admin_list.py", line 313, in __init__
    super().__init__(*items)
    ~~~~~~~~~~~~~~~~^^^^^^^^
  File "C:\Users\Balogun Mishael\Zunto_main\Zunto_main_virtualenv\venv\Lib\site-packages\django\contrib\admin\templatetags\admin_list.py", line 218, in items_for_result
    f, attr, value = lookup_field(field_name, result, cl.model_admin)
                     ~~~~~~~~~~~~^^^^^^^^^^^^^^^^^^^^^^^^^^^^^^^^^^^^
  File "C:\Users\Balogun Mishael\Zunto_main\Zunto_main_virtualenv\venv\Lib\site-packages\django\contrib\admin\utils.py", line 299, in lookup_field
    value = attr(obj)
  File "C:\Users\Balogun Mishael\Zunto_main\Zunto_main_virtualenv\Zunto\accounts\admin.py", line 299, in status_display
    elif obj.expires_at < datetime.now():
         ^^^^^^^^^^^^^^^^^^^^^^^^^^^^^^^
TypeError: can't compare offset-naive and offset-aware datetimes
ERROR 2025-11-29 15:43:25,032 basehttp 9344 11476 "GET /admin/accounts/verificationcode/ HTTP/1.1" 500 406609
